<?xml version="1.0" encoding="UTF-8"?>
<!-- Generated by org.testng.reporters.JUnitReportReporter -->
<testsuite hostname="anlextwls003-026.wl.anl-external.org" name="org.globus.workspace.testing.suites.spotinstances.BackfillTerminationSuite" tests="2" failures="0" timestamp="1 Aug 2014 19:35:01 GMT" time="37.180" errors="0">
  <testcase name="backfillWontDie" time="22.250" classname="org.globus.workspace.testing.suites.spotinstances.BackfillTerminationSuite"/>
  <testcase name="backfillEventuallyDies" time="14.930" classname="org.globus.workspace.testing.suites.spotinstances.BackfillTerminationSuite"/>
</testsuite>
