<?xml version="1.0" encoding="UTF-8"?>
<!-- Generated by org.testng.reporters.JUnitReportReporter -->
<testsuite hostname="wireles-guest-16-38-161.uchicago.edu" name="org.globus.workspace.testing.suites.spotinstances.SingleResourcePoolSISuite" tests="3" failures="0" timestamp="3 Jul 2014 17:29:19 GMT" time="286.012" errors="0">
  <testcase name="singleRequest" time="77.226" classname="org.globus.workspace.testing.suites.spotinstances.SingleResourcePoolSISuite"/>
  <testcase name="mixedSIandWSrequests" time="94.821" classname="org.globus.workspace.testing.suites.spotinstances.SingleResourcePoolSISuite"/>
  <testcase name="multipleSIRequestsOnly" time="113.965" classname="org.globus.workspace.testing.suites.spotinstances.SingleResourcePoolSISuite"/>
</testsuite>
