<?xml version="1.0" encoding="UTF-8"?>
<!-- Generated by org.testng.reporters.JUnitReportReporter -->
<testsuite hostname="wireles-guest-16-38-161.uchicago.edu" name="org.globus.workspace.testing.suites.spotinstances.SimplestSISuite" tests="1" failures="0" timestamp="3 Jul 2014 17:24:23 GMT" time="5.423" errors="0">
  <testcase name="singleInstancePreemption" time="5.423" classname="org.globus.workspace.testing.suites.spotinstances.SimplestSISuite"/>
</testsuite>
