<?xml version="1.0" encoding="UTF-8"?>
<!-- Generated by org.testng.reporters.JUnitReportReporter -->
<testsuite hostname="wireles-guest-16-38-161.uchicago.edu" name="org.globus.workspace.testing.suites.basic.DirtiesContextExampleSuite" tests="2" failures="0" timestamp="7 Jul 2014 22:46:02 GMT" time="0.057" errors="0">
  <testcase name="checkEmpty" time="0.001" classname="org.globus.workspace.testing.suites.basic.DirtiesContextExampleSuite"/>
  <testcase name="dirtyTest" time="0.056" classname="org.globus.workspace.testing.suites.basic.DirtiesContextExampleSuite"/>
</testsuite>
