<?xml version="1.0" encoding="UTF-8"?>
<!-- Generated by org.testng.reporters.JUnitReportReporter -->
<testsuite hostname="wireles-guest-16-38-161.uchicago.edu" name="org.globus.workspace.testing.suites.spotinstances.Issue26Suite" tests="1" failures="0" timestamp="7 Jul 2014 23:01:01 GMT" time="0.025" errors="0">
  <testcase name="tooMuchMemory" time="0.025" classname="org.globus.workspace.testing.suites.spotinstances.Issue26Suite"/>
</testsuite>
