<?xml version="1.0" encoding="UTF-8"?>
<!-- Generated by org.testng.reporters.JUnitReportReporter -->
<testsuite hostname="wireles-guest-16-38-161.uchicago.edu" name="org.globus.workspace.testing.suites.failure.TerminateSuite" tests="8" failures="0" timestamp="7 Jul 2014 22:49:28 GMT" time="132.543" errors="0">
  <testcase name="retrieveModuleLocator" time="0.007" classname="org.globus.workspace.testing.suites.failure.TerminateSuite"/>
  <testcase name="unpropOneWait" time="16.530" classname="org.globus.workspace.testing.suites.failure.TerminateSuite"/>
  <testcase name="complicatedFail" time="45.643" classname="org.globus.workspace.testing.suites.failure.TerminateSuite"/>
  <testcase name="leaseMany" time="6.479" classname="org.globus.workspace.testing.suites.failure.TerminateSuite"/>
  <testcase name="leaseOne" time="5.174" classname="org.globus.workspace.testing.suites.failure.TerminateSuite"/>
  <testcase name="leaseOneWait" time="10.023" classname="org.globus.workspace.testing.suites.failure.TerminateSuite"/>
  <testcase name="unpropOneFail" time="26.536" classname="org.globus.workspace.testing.suites.failure.TerminateSuite"/>
  <testcase name="basicFail" time="22.151" classname="org.globus.workspace.testing.suites.failure.TerminateSuite"/>
</testsuite>
