<?xml version="1.0" encoding="UTF-8"?>
<!-- Generated by org.testng.reporters.JUnitReportReporter -->
<testsuite hostname="wireles-guest-16-38-161.uchicago.edu" name="org.globus.workspace.testing.suites.basic.Issue37Suite" tests="2" failures="0" timestamp="3 Jul 2014 17:19:21 GMT" time="5.224" errors="0">
  <testcase name="leaseOnePublicOnePrivate" time="3.184" classname="org.globus.workspace.testing.suites.basic.Issue37Suite"/>
  <testcase name="leaseTwoPrivate" time="2.040" classname="org.globus.workspace.testing.suites.basic.Issue37Suite"/>
</testsuite>
