<?xml version="1.0" encoding="UTF-8"?>
<!-- Generated by org.testng.reporters.JUnitReportReporter -->
<testsuite hostname="wireles-guest-16-38-161.uchicago.edu" name="org.globus.workspace.testing.suites.spotinstances.SimpleSISuite" tests="2" failures="0" timestamp="7 Jul 2014 23:01:35 GMT" time="9.535" errors="0">
  <testcase name="simpleBackfillTest" time="2.418" classname="org.globus.workspace.testing.suites.spotinstances.SimpleSISuite"/>
  <testcase name="simpleBackfillPreemptionTest" time="7.117" classname="org.globus.workspace.testing.suites.spotinstances.SimpleSISuite"/>
</testsuite>
