<?xml version="1.0" encoding="UTF-8"?>
<!-- Generated by org.testng.reporters.JUnitReportReporter -->
<testsuite hostname="wireles-guest-16-38-161.uchicago.edu" name="org.globus.workspace.testing.suites.spotinstances.SimpleSISuite" tests="2" failures="0" timestamp="3 Jul 2014 17:24:09 GMT" time="9.286" errors="0">
  <testcase name="simpleBackfillPreemptionTest" time="6.946" classname="org.globus.workspace.testing.suites.spotinstances.SimpleSISuite"/>
  <testcase name="simpleBackfillTest" time="2.340" classname="org.globus.workspace.testing.suites.spotinstances.SimpleSISuite"/>
</testsuite>
