<?xml version="1.0" encoding="UTF-8"?>
<!-- Generated by org.testng.reporters.JUnitReportReporter -->
<testsuite hostname="wireles-guest-16-38-161.uchicago.edu" name="org.globus.workspace.testing.suites.spotinstances.BackfillTerminationSuite" tests="2" failures="0" timestamp="3 Jul 2014 17:30:06 GMT" time="36.692" errors="0">
  <testcase name="backfillEventuallyDies" time="14.482" classname="org.globus.workspace.testing.suites.spotinstances.BackfillTerminationSuite"/>
  <testcase name="backfillWontDie" time="22.210" classname="org.globus.workspace.testing.suites.spotinstances.BackfillTerminationSuite"/>
</testsuite>
