<?xml version="1.0" encoding="UTF-8"?>
<!-- Generated by org.testng.reporters.JUnitReportReporter -->
<testsuite hostname="anlextwls002-125.wl.anl-external.org" name="org.globus.workspace.testing.suites.spotinstances.BackfillTerminationSuite" tests="2" failures="0" timestamp="11 Jul 2014 20:47:08 GMT" time="36.686" errors="0">
  <testcase name="backfillWontDie" time="22.206" classname="org.globus.workspace.testing.suites.spotinstances.BackfillTerminationSuite"/>
  <testcase name="backfillEventuallyDies" time="14.480" classname="org.globus.workspace.testing.suites.spotinstances.BackfillTerminationSuite"/>
</testsuite>
