<?xml version="1.0" encoding="UTF-8"?>
<!-- Generated by org.testng.reporters.JUnitReportReporter -->
<testsuite hostname="wireles-guest-16-38-161.uchicago.edu" name="org.globus.workspace.testing.suites.basic.ParallelIdempotentCreationSuite" tests="10" failures="0" timestamp="7 Jul 2014 22:46:54 GMT" time="0.548" errors="0">
  <testcase name="parallelIdempotencyTest" time="0.054" classname="org.globus.workspace.testing.suites.basic.ParallelIdempotentCreationSuite"/>
  <testcase name="parallelIdempotencyTest" time="0.067" classname="org.globus.workspace.testing.suites.basic.ParallelIdempotentCreationSuite"/>
  <testcase name="parallelIdempotencyTest" time="0.046" classname="org.globus.workspace.testing.suites.basic.ParallelIdempotentCreationSuite"/>
  <testcase name="parallelIdempotencyTest" time="0.042" classname="org.globus.workspace.testing.suites.basic.ParallelIdempotentCreationSuite"/>
  <testcase name="parallelIdempotencyTest" time="0.043" classname="org.globus.workspace.testing.suites.basic.ParallelIdempotentCreationSuite"/>
  <testcase name="parallelIdempotencyTest" time="0.053" classname="org.globus.workspace.testing.suites.basic.ParallelIdempotentCreationSuite"/>
  <testcase name="parallelIdempotencyTest" time="0.056" classname="org.globus.workspace.testing.suites.basic.ParallelIdempotentCreationSuite"/>
  <testcase name="parallelIdempotencyTest" time="0.060" classname="org.globus.workspace.testing.suites.basic.ParallelIdempotentCreationSuite"/>
  <testcase name="parallelIdempotencyTest" time="0.078" classname="org.globus.workspace.testing.suites.basic.ParallelIdempotentCreationSuite"/>
  <testcase name="parallelIdempotencyTest" time="0.049" classname="org.globus.workspace.testing.suites.basic.ParallelIdempotentCreationSuite"/>
</testsuite>
