<?xml version="1.0" encoding="UTF-8"?>
<!-- Generated by org.testng.reporters.JUnitReportReporter -->
<testsuite hostname="wireles-guest-16-38-161.uchicago.edu" name="org.globus.workspace.testing.suites.basic.NodeManagementSuite" tests="2" failures="0" timestamp="3 Jul 2014 17:19:31 GMT" time="0.090" errors="0">
  <testcase name="badNetworkMemoryFreed" time="0.041" classname="org.globus.workspace.testing.suites.basic.NodeManagementSuite"/>
  <testcase name="memoryFreed" time="0.049" classname="org.globus.workspace.testing.suites.basic.NodeManagementSuite"/>
</testsuite>
