<?xml version="1.0" encoding="UTF-8"?>
<!-- Generated by org.testng.reporters.JUnitReportReporter -->
<testsuite hostname="wireles-guest-16-38-161.uchicago.edu" name="org.globus.workspace.testing.suites.spotinstances.SingleResourcePoolSISuite" tests="3" failures="0" timestamp="7 Jul 2014 22:41:53 GMT" time="286.857" errors="0">
  <testcase name="multipleSIRequestsOnly" time="114.384" classname="org.globus.workspace.testing.suites.spotinstances.SingleResourcePoolSISuite"/>
  <testcase name="mixedSIandWSrequests" time="94.967" classname="org.globus.workspace.testing.suites.spotinstances.SingleResourcePoolSISuite"/>
  <testcase name="singleRequest" time="77.506" classname="org.globus.workspace.testing.suites.spotinstances.SingleResourcePoolSISuite"/>
</testsuite>
