<?xml version="1.0" encoding="UTF-8"?>
<!-- Generated by org.testng.reporters.JUnitReportReporter -->
<testsuite hostname="wireles-guest-16-38-161.uchicago.edu" name="org.globus.workspace.testing.suites.basic.IdempotentCreationSuite" tests="4" failures="0" timestamp="7 Jul 2014 22:46:16 GMT" time="1.458" errors="0">
  <testcase name="testGroupIdempotency" time="0.077" classname="org.globus.workspace.testing.suites.basic.IdempotentCreationSuite"/>
  <testcase name="testBasicIdempotency" time="1.359" classname="org.globus.workspace.testing.suites.basic.IdempotentCreationSuite"/>
  <testcase name="testIdempotencyRollback" time="0.021" classname="org.globus.workspace.testing.suites.basic.IdempotentCreationSuite"/>
  <testcase name="testTooLongClientToken" time="0.001" classname="org.globus.workspace.testing.suites.basic.IdempotentCreationSuite"/>
</testsuite>
